<?xml version="1.0" encoding="UTF-8"?>
<testsuite xmlns:xsi="http://www.w3.org/2001/XMLSchema-instance" xsi:noNamespaceSchemaLocation="https://maven.apache.org/surefire/maven-surefire-plugin/xsd/surefire-test-report-3.0.xsd" version="3.0" name="com.perurail.RunCucumberTest" time="337.732" tests="3" errors="1" skipped="0" failures="0">
  <properties>
[...]
</properties>
  <testcase name="Búsqueda y reserva de tren en la ruta Puno &gt; Ciudad de Cusco con el tren Andean Explorer, A Belmond Train" classname="Reserva de viajes en PeruRail" time="155.247">
    <system-out><![CDATA[
Scenario: Búsqueda y reserva de tren en la ruta Puno > Ciudad de Cusco con el tren Andean Explorer, A Belmond Train # src/main/resources/features/Reserva.feature:3
  Given El usuario está en la página de reserva de viajes de PeruRail                                               # com.perurail.steps.ReservaSteps.abrirPagina()
  When El usuario selecciona el origen "Puno" y el destino "Ciudad de Cusco"                                        # com.perurail.steps.ReservaSteps.seleccionarDestinoRuta(java.lang.String,java.lang.String)
Andean Explorer, A Belmond Train  And Elige el tren "Andean Explorer, A Belmond Train"                                                              # com.perurail.steps.ReservaSteps.elegirTren(java.lang.String)
Abriendo el campo de fecha...
Esperando que el datepicker sea visible...
Buscando el mes y año para 11/6/2024
Mes/año actual del calendario: October 2024
No se encontro el mes y año correctos. Avanzando al siguiente mes...
Mes/año actual del calendario: November 2024
Mes y año correctos encontrados: November 2024
Buscando el dia 6 en el datepicker...
El dia 6 esta disponible para seleccionar. Intentando hacer clic...
Clic realizado en el dia 6
  And Selecciona la fecha "11/6/2024"                                                                               # com.perurail.steps.ReservaSteps.selecciona_la_fecha(java.lang.String)
Clic en el boton de buscar realizado.
URL actual despues de hacer clic en buscar: https://book.perurail.com/?SessionWidget=yfp3iidswqcufndgjdr3b31z
  And El usuario hace clic en buscar                                                                                # com.perurail.steps.ReservaSteps.hacerClicBuscar()
Redirigido correctamente a la pagina de reservas.
  Then debería ser redirigido a la página de reservas                                                               # com.perurail.steps.ReservaSteps.deberia_ser_redirigido_a_la_pagina_de_reservas()
Cabina seleccionada: SUITE CABIN, Numero de cabinas: 1
Numero de adultos seleccionados: 2
Error al seleccionar cabina y pasajeros: Expected condition failed: waiting for element to be clickable: By.name: selectRooms[sc][cabinas][cab1][nin] (tried for 20 second(s) with 500 milliseconds interval)
Build info: version: '4.21.0', revision: '79ed462ef4'
System info: os.name: 'Windows 10', os.arch: 'amd64', os.version: '10.0', java.version: '23'
Driver info: org.openqa.selenium.chrome.ChromeDriver
Capabilities {acceptInsecureCerts: false, browserName: chrome, browserVersion: 129.0.6668.90, chrome: {chromedriverVersion: 129.0.6668.89 (951c0b97221f..., userDataDir: C:\Users\tatia\AppData\Loca...}, fedcm:accounts: true, goog:chromeOptions: {debuggerAddress: localhost:50606}, networkConnectionEnabled: false, pageLoadStrategy: normal, platformName: windows, proxy: Proxy(), se:cdp: ws://localhost:50606/devtoo..., se:cdpVersion: 129.0.6668.90, setWindowRect: true, strictFileInteractability: false, timeouts: {implicit: 0, pageLoad: 300000, script: 30000}, unhandledPromptBehavior: dismiss and notify, webauthn:extension:credBlob: true, webauthn:extension:largeBlob: true, webauthn:extension:minPinLength: true, webauthn:extension:prf: true, webauthn:virtualAuthenticators: true}
Session ID: e016da71fea5c5f9bdddc2c306ef29d5
  And elijo "SUITE CABIN" y 1 cabina con 2 adultos y 0 niño                                                         # com.perurail.steps.ReservaSteps.elijo_y_cabina_con_adultos_y_niños(java.lang.String,java.lang.Integer,java.lang.Integer,java.lang.Integer)
Confirmando la selección de cabinas.
Clic en el boton 'Continuar' realizado.
  And confirmo la selección de cabinas                                                                              # com.perurail.steps.ReservaSteps.confirmoSeleccionCabinas()
Llenando informacion para adulto 1
Error seleccionando tipo de documento: element click intercepted: Element <span class="select2-selection__rendered" id="select2-item_TipoDocumento_1-container" title="...">Identification Document</span> is not clickable at point (394, 544). Other element would receive the click: <div id="preloader" style="opacity: 0.362825;">...</div>
  (Session info: chrome=129.0.6668.90)
Build info: version: '4.21.0', revision: '79ed462ef4'
System info: os.name: 'Windows 10', os.arch: 'amd64', os.version: '10.0', java.version: '23'
Driver info: org.openqa.selenium.chrome.ChromeDriver
Command: [e016da71fea5c5f9bdddc2c306ef29d5, clickElement {id=f.869D97EFCA62BE667B198E9FEC74DC4B.d.0D2048E15BC20F494431B6EA46C91A4B.e.674}]
Capabilities {acceptInsecureCerts: false, browserName: chrome, browserVersion: 129.0.6668.90, chrome: {chromedriverVersion: 129.0.6668.89 (951c0b97221f..., userDataDir: C:\Users\tatia\AppData\Loca...}, fedcm:accounts: true, goog:chromeOptions: {debuggerAddress: localhost:50606}, networkConnectionEnabled: false, pageLoadStrategy: normal, platformName: windows, proxy: Proxy(), se:cdp: ws://localhost:50606/devtoo..., se:cdpVersion: 129.0.6668.90, setWindowRect: true, strictFileInteractability: false, timeouts: {implicit: 0, pageLoad: 300000, script: 30000}, unhandledPromptBehavior: dismiss and notify, webauthn:extension:credBlob: true, webauthn:extension:largeBlob: true, webauthn:extension:minPinLength: true, webauthn:extension:prf: true, webauthn:virtualAuthenticators: true}
Element: [[ChromeDriver: chrome on windows (e016da71fea5c5f9bdddc2c306ef29d5)] -> id: select2-item_TipoDocumento_1-container]
Session ID: e016da71fea5c5f9bdddc2c306ef29d5
Abriendo el campo de fecha...
Seleccionando el mes siguiente...
Seleccionando el dia...
Dia seleccionado correctamente.
Error llenando informacion para adulto 1: Expected condition failed: waiting for element to be clickable: By.id: cabina_PasajeroBAE_1__SexoPax (tried for 20 second(s) with 500 milliseconds interval)
Build info: version: '4.21.0', revision: '79ed462ef4'
System info: os.name: 'Windows 10', os.arch: 'amd64', os.version: '10.0', java.version: '23'
Driver info: org.openqa.selenium.chrome.ChromeDriver
Capabilities {acceptInsecureCerts: false, browserName: chrome, browserVersion: 129.0.6668.90, chrome: {chromedriverVersion: 129.0.6668.89 (951c0b97221f..., userDataDir: C:\Users\tatia\AppData\Loca...}, fedcm:accounts: true, goog:chromeOptions: {debuggerAddress: localhost:50606}, networkConnectionEnabled: false, pageLoadStrategy: normal, platformName: windows, proxy: Proxy(), se:cdp: ws://localhost:50606/devtoo..., se:cdpVersion: 129.0.6668.90, setWindowRect: true, strictFileInteractability: false, timeouts: {implicit: 0, pageLoad: 300000, script: 30000}, unhandledPromptBehavior: dismiss and notify, webauthn:extension:credBlob: true, webauthn:extension:largeBlob: true, webauthn:extension:minPinLength: true, webauthn:extension:prf: true, webauthn:virtualAuthenticators: true}
Session ID: e016da71fea5c5f9bdddc2c306ef29d5
Formulario del pasajero 2 expandido.
Llenando informacion para adulto 2
Error seleccionando tipo de documento: element click intercepted: Element <span class="select2-selection__rendered" id="select2-item_TipoDocumento_2-container" title="...">Identification Document</span> is not clickable at point (394, 162). Other element would receive the click: <div id="preloader" style="opacity: 0.291631;">...</div>
  (Session info: chrome=129.0.6668.90)
Build info: version: '4.21.0', revision: '79ed462ef4'
System info: os.name: 'Windows 10', os.arch: 'amd64', os.version: '10.0', java.version: '23'
Driver info: org.openqa.selenium.chrome.ChromeDriver
Command: [e016da71fea5c5f9bdddc2c306ef29d5, clickElement {id=f.869D97EFCA62BE667B198E9FEC74DC4B.d.0D2048E15BC20F494431B6EA46C91A4B.e.696}]
Capabilities {acceptInsecureCerts: false, browserName: chrome, browserVersion: 129.0.6668.90, chrome: {chromedriverVersion: 129.0.6668.89 (951c0b97221f..., userDataDir: C:\Users\tatia\AppData\Loca...}, fedcm:accounts: true, goog:chromeOptions: {debuggerAddress: localhost:50606}, networkConnectionEnabled: false, pageLoadStrategy: normal, platformName: windows, proxy: Proxy(), se:cdp: ws://localhost:50606/devtoo..., se:cdpVersion: 129.0.6668.90, setWindowRect: true, strictFileInteractability: false, timeouts: {implicit: 0, pageLoad: 300000, script: 30000}, unhandledPromptBehavior: dismiss and notify, webauthn:extension:credBlob: true, webauthn:extension:largeBlob: true, webauthn:extension:minPinLength: true, webauthn:extension:prf: true, webauthn:virtualAuthenticators: true}
Element: [[ChromeDriver: chrome on windows (e016da71fea5c5f9bdddc2c306ef29d5)] -> id: select2-item_TipoDocumento_2-container]
Session ID: e016da71fea5c5f9bdddc2c306ef29d5
Abriendo el campo de fecha...
Seleccionando el mes siguiente...
Seleccionando el dia...
Dia seleccionado correctamente.
Error llenando informacion para adulto 2: Expected condition failed: waiting for element to be clickable: By.id: cabina_PasajeroBAE_2__SexoPax (tried for 20 second(s) with 500 milliseconds interval)
Build info: version: '4.21.0', revision: '79ed462ef4'
System info: os.name: 'Windows 10', os.arch: 'amd64', os.version: '10.0', java.version: '23'
Driver info: org.openqa.selenium.chrome.ChromeDriver
Capabilities {acceptInsecureCerts: false, browserName: chrome, browserVersion: 129.0.6668.90, chrome: {chromedriverVersion: 129.0.6668.89 (951c0b97221f..., userDataDir: C:\Users\tatia\AppData\Loca...}, fedcm:accounts: true, goog:chromeOptions: {debuggerAddress: localhost:50606}, networkConnectionEnabled: false, pageLoadStrategy: normal, platformName: windows, proxy: Proxy(), se:cdp: ws://localhost:50606/devtoo..., se:cdpVersion: 129.0.6668.90, setWindowRect: true, strictFileInteractability: false, timeouts: {implicit: 0, pageLoad: 300000, script: 30000}, unhandledPromptBehavior: dismiss and notify, webauthn:extension:credBlob: true, webauthn:extension:largeBlob: true, webauthn:extension:minPinLength: true, webauthn:extension:prf: true, webauthn:virtualAuthenticators: true}
Session ID: e016da71fea5c5f9bdddc2c306ef29d5
Finalizado el llenado de informacion de pasajeros.
  Then debo llenar la información de 2 adultos y 0 niños                                                            # com.perurail.steps.ReservaSteps.deboLlenarInformacionDePasajeros(int,int)
Clic en el boton 'CONTINUE' realizado.
Error al hacer clic en el boton 'CONTINUE': Expected condition failed: waiting for visibility of element located by By.id: box-cifra-total (tried for 20 second(s) with 500 milliseconds interval)
Build info: version: '4.21.0', revision: '79ed462ef4'
System info: os.name: 'Windows 10', os.arch: 'amd64', os.version: '10.0', java.version: '23'
Driver info: org.openqa.selenium.chrome.ChromeDriver
Capabilities {acceptInsecureCerts: false, browserName: chrome, browserVersion: 129.0.6668.90, chrome: {chromedriverVersion: 129.0.6668.89 (951c0b97221f..., userDataDir: C:\Users\tatia\AppData\Loca...}, fedcm:accounts: true, goog:chromeOptions: {debuggerAddress: localhost:50606}, networkConnectionEnabled: false, pageLoadStrategy: normal, platformName: windows, proxy: Proxy(), se:cdp: ws://localhost:50606/devtoo..., se:cdpVersion: 129.0.6668.90, setWindowRect: true, strictFileInteractability: false, timeouts: {implicit: 0, pageLoad: 300000, script: 30000}, unhandledPromptBehavior: dismiss and notify, webauthn:extension:credBlob: true, webauthn:extension:largeBlob: true, webauthn:extension:minPinLength: true, webauthn:extension:prf: true, webauthn:virtualAuthenticators: true}
Session ID: e016da71fea5c5f9bdddc2c306ef29d5
Numero de filas en la tabla: 9
No se encontraron suficientes datos en la tabla para la comparacion.
No se encontraron suficientes datos en la tabla para la comparacion.
Los datos de los pasajeros han sido verificados correctamente.
  And hago clic en el botón CONTINUE , aqui se verificará los datos                                                 # com.perurail.steps.ReservaSteps.hagoClicEnElBotonContinue()
]]></system-out>
    <system-err><![CDATA[oct 07, 2024 2:54:25 A. M. io.cucumber.core.options.CucumberPropertiesParser lambda$warnWhenCucumberOptionsIsUsed$2
ADVERTENCIA: Passing commandline options via the property 'cucumber.options' is no longer supported. Please use individual properties instead. See the java doc on io.cucumber.core.options.Constants for details.
oct 07, 2024 2:54:27 A. M. org.openqa.selenium.devtools.CdpVersionFinder findNearestMatch
ADVERTENCIA: Unable to find an exact match for CDP version 129, returning the closest version; found: 125; Please update to a Selenium version that supports CDP version 129
]]></system-err>
  </testcase>
  <testcase name="Búsqueda y reserva de tren en la ruta Arequipa &gt; Ciudad de Cusco con el tren Andean Explorer, A Belmond Train" classname="Reserva de viajes en PeruRail" time="149.781">
    <system-out><![CDATA[
Scenario: Búsqueda y reserva de tren en la ruta Arequipa > Ciudad de Cusco con el tren Andean Explorer, A Belmond Train # src/main/resources/features/Reserva.feature:16
  Given El usuario está en la página de reserva de viajes de PeruRail                                                   # com.perurail.steps.ReservaSteps.abrirPagina()
  When El usuario selecciona el origen "Arequipa" y el destino "Ciudad de Cusco"                                        # com.perurail.steps.ReservaSteps.seleccionarDestinoRuta(java.lang.String,java.lang.String)
Abriendo el campo de fecha...
Esperando que el datepicker sea visible...
Buscando el mes y año para 11/2/2024
Mes/año actual del calendario: October 2024
No se encontro el mes y año correctos. Avanzando al siguiente mes...
Mes/año actual del calendario: November 2024
Mes y año correctos encontrados: November 2024
Buscando el dia 2 en el datepicker...
El dia 2 esta disponible para seleccionar. Intentando hacer clic...
Clic realizado en el dia 2
  And Selecciona la fecha "11/2/2024"                                                                                   # com.perurail.steps.ReservaSteps.selecciona_la_fecha(java.lang.String)
Clic en el boton de buscar realizado.
URL actual despues de hacer clic en buscar: https://book.perurail.com/?SessionWidget=n4qrzpjpj5yczkmjzxdl4h4z
  And El usuario hace clic en buscar                                                                                    # com.perurail.steps.ReservaSteps.hacerClicBuscar()
Redirigido correctamente a la pagina de reservas.
  Then debería ser redirigido a la página de reservas                                                                   # com.perurail.steps.ReservaSteps.deberia_ser_redirigido_a_la_pagina_de_reservas()
Cabina seleccionada: SUITE CABIN, Numero de cabinas: 1
Numero de adultos seleccionados: 2
Error al seleccionar cabina y pasajeros: Expected condition failed: waiting for element to be clickable: By.name: selectRooms[sc][cabinas][cab1][nin] (tried for 20 second(s) with 500 milliseconds interval)
Build info: version: '4.21.0', revision: '79ed462ef4'
System info: os.name: 'Windows 10', os.arch: 'amd64', os.version: '10.0', java.version: '23'
Driver info: org.openqa.selenium.chrome.ChromeDriver
Capabilities {acceptInsecureCerts: false, browserName: chrome, browserVersion: 129.0.6668.90, chrome: {chromedriverVersion: 129.0.6668.89 (951c0b97221f..., userDataDir: C:\Users\tatia\AppData\Loca...}, fedcm:accounts: true, goog:chromeOptions: {debuggerAddress: localhost:50958}, networkConnectionEnabled: false, pageLoadStrategy: normal, platformName: windows, proxy: Proxy(), se:cdp: ws://localhost:50958/devtoo..., se:cdpVersion: 129.0.6668.90, setWindowRect: true, strictFileInteractability: false, timeouts: {implicit: 0, pageLoad: 300000, script: 30000}, unhandledPromptBehavior: dismiss and notify, webauthn:extension:credBlob: true, webauthn:extension:largeBlob: true, webauthn:extension:minPinLength: true, webauthn:extension:prf: true, webauthn:virtualAuthenticators: true}
Session ID: 28e522c6aa4a27e1804fdac102158bbf
  And elijo "SUITE CABIN" y 1 cabina con 2 adultos y 0 niño                                                             # com.perurail.steps.ReservaSteps.elijo_y_cabina_con_adultos_y_niños(java.lang.String,java.lang.Integer,java.lang.Integer,java.lang.Integer)
Confirmando la selección de cabinas.
Clic en el boton 'Continuar' realizado.
  And confirmo la selección de cabinas                                                                                  # com.perurail.steps.ReservaSteps.confirmoSeleccionCabinas()
Llenando informacion para adulto 1
Error seleccionando tipo de documento: element click intercepted: Element <span class="select2-selection__rendered" id="select2-item_TipoDocumento_1-container" title="...">Identification Document</span> is not clickable at point (394, 544). Other element would receive the click: <div id="preloader" style="opacity: 0.408369;">...</div>
  (Session info: chrome=129.0.6668.90)
Build info: version: '4.21.0', revision: '79ed462ef4'
System info: os.name: 'Windows 10', os.arch: 'amd64', os.version: '10.0', java.version: '23'
Driver info: org.openqa.selenium.chrome.ChromeDriver
Command: [28e522c6aa4a27e1804fdac102158bbf, clickElement {id=f.08BE4209064D051B931663D2AF50BF9A.d.E6BFA40265E57688A8BCDCAADFFDFCF1.e.644}]
Capabilities {acceptInsecureCerts: false, browserName: chrome, browserVersion: 129.0.6668.90, chrome: {chromedriverVersion: 129.0.6668.89 (951c0b97221f..., userDataDir: C:\Users\tatia\AppData\Loca...}, fedcm:accounts: true, goog:chromeOptions: {debuggerAddress: localhost:50958}, networkConnectionEnabled: false, pageLoadStrategy: normal, platformName: windows, proxy: Proxy(), se:cdp: ws://localhost:50958/devtoo..., se:cdpVersion: 129.0.6668.90, setWindowRect: true, strictFileInteractability: false, timeouts: {implicit: 0, pageLoad: 300000, script: 30000}, unhandledPromptBehavior: dismiss and notify, webauthn:extension:credBlob: true, webauthn:extension:largeBlob: true, webauthn:extension:minPinLength: true, webauthn:extension:prf: true, webauthn:virtualAuthenticators: true}
Element: [[ChromeDriver: chrome on windows (28e522c6aa4a27e1804fdac102158bbf)] -> id: select2-item_TipoDocumento_1-container]
Session ID: 28e522c6aa4a27e1804fdac102158bbf
Abriendo el campo de fecha...
Seleccionando el mes siguiente...
Seleccionando el dia...
Dia seleccionado correctamente.
Error llenando informacion para adulto 1: Expected condition failed: waiting for element to be clickable: By.id: cabina_PasajeroBAE_1__SexoPax (tried for 20 second(s) with 500 milliseconds interval)
Build info: version: '4.21.0', revision: '79ed462ef4'
System info: os.name: 'Windows 10', os.arch: 'amd64', os.version: '10.0', java.version: '23'
Driver info: org.openqa.selenium.chrome.ChromeDriver
Capabilities {acceptInsecureCerts: false, browserName: chrome, browserVersion: 129.0.6668.90, chrome: {chromedriverVersion: 129.0.6668.89 (951c0b97221f..., userDataDir: C:\Users\tatia\AppData\Loca...}, fedcm:accounts: true, goog:chromeOptions: {debuggerAddress: localhost:50958}, networkConnectionEnabled: false, pageLoadStrategy: normal, platformName: windows, proxy: Proxy(), se:cdp: ws://localhost:50958/devtoo..., se:cdpVersion: 129.0.6668.90, setWindowRect: true, strictFileInteractability: false, timeouts: {implicit: 0, pageLoad: 300000, script: 30000}, unhandledPromptBehavior: dismiss and notify, webauthn:extension:credBlob: true, webauthn:extension:largeBlob: true, webauthn:extension:minPinLength: true, webauthn:extension:prf: true, webauthn:virtualAuthenticators: true}
Session ID: 28e522c6aa4a27e1804fdac102158bbf
Formulario del pasajero 2 expandido.
Llenando informacion para adulto 2
Error seleccionando tipo de documento: element click intercepted: Element <span class="select2-selection__rendered" id="select2-item_TipoDocumento_2-container" title="...">Identification Document</span> is not clickable at point (394, 162). Other element would receive the click: <div id="preloader" style="opacity: 0.293439;">...</div>
  (Session info: chrome=129.0.6668.90)
Build info: version: '4.21.0', revision: '79ed462ef4'
System info: os.name: 'Windows 10', os.arch: 'amd64', os.version: '10.0', java.version: '23'
Driver info: org.openqa.selenium.chrome.ChromeDriver
Command: [28e522c6aa4a27e1804fdac102158bbf, clickElement {id=f.08BE4209064D051B931663D2AF50BF9A.d.E6BFA40265E57688A8BCDCAADFFDFCF1.e.667}]
Capabilities {acceptInsecureCerts: false, browserName: chrome, browserVersion: 129.0.6668.90, chrome: {chromedriverVersion: 129.0.6668.89 (951c0b97221f..., userDataDir: C:\Users\tatia\AppData\Loca...}, fedcm:accounts: true, goog:chromeOptions: {debuggerAddress: localhost:50958}, networkConnectionEnabled: false, pageLoadStrategy: normal, platformName: windows, proxy: Proxy(), se:cdp: ws://localhost:50958/devtoo..., se:cdpVersion: 129.0.6668.90, setWindowRect: true, strictFileInteractability: false, timeouts: {implicit: 0, pageLoad: 300000, script: 30000}, unhandledPromptBehavior: dismiss and notify, webauthn:extension:credBlob: true, webauthn:extension:largeBlob: true, webauthn:extension:minPinLength: true, webauthn:extension:prf: true, webauthn:virtualAuthenticators: true}
Element: [[ChromeDriver: chrome on windows (28e522c6aa4a27e1804fdac102158bbf)] -> id: select2-item_TipoDocumento_2-container]
Session ID: 28e522c6aa4a27e1804fdac102158bbf
Abriendo el campo de fecha...
Seleccionando el mes siguiente...
Seleccionando el dia...
Dia seleccionado correctamente.
Error llenando informacion para adulto 2: Expected condition failed: waiting for element to be clickable: By.id: cabina_PasajeroBAE_2__SexoPax (tried for 20 second(s) with 500 milliseconds interval)
Build info: version: '4.21.0', revision: '79ed462ef4'
System info: os.name: 'Windows 10', os.arch: 'amd64', os.version: '10.0', java.version: '23'
Driver info: org.openqa.selenium.chrome.ChromeDriver
Capabilities {acceptInsecureCerts: false, browserName: chrome, browserVersion: 129.0.6668.90, chrome: {chromedriverVersion: 129.0.6668.89 (951c0b97221f..., userDataDir: C:\Users\tatia\AppData\Loca...}, fedcm:accounts: true, goog:chromeOptions: {debuggerAddress: localhost:50958}, networkConnectionEnabled: false, pageLoadStrategy: normal, platformName: windows, proxy: Proxy(), se:cdp: ws://localhost:50958/devtoo..., se:cdpVersion: 129.0.6668.90, setWindowRect: true, strictFileInteractability: false, timeouts: {implicit: 0, pageLoad: 300000, script: 30000}, unhandledPromptBehavior: dismiss and notify, webauthn:extension:credBlob: true, webauthn:extension:largeBlob: true, webauthn:extension:minPinLength: true, webauthn:extension:prf: true, webauthn:virtualAuthenticators: true}
Session ID: 28e522c6aa4a27e1804fdac102158bbf
Finalizado el llenado de informacion de pasajeros.
  Then debo llenar la información de 2 adultos y 0 niños                                                                # com.perurail.steps.ReservaSteps.deboLlenarInformacionDePasajeros(int,int)
Clic en el boton 'CONTINUE' realizado.
Error al hacer clic en el boton 'CONTINUE': Expected condition failed: waiting for visibility of element located by By.id: box-cifra-total (tried for 20 second(s) with 500 milliseconds interval)
Build info: version: '4.21.0', revision: '79ed462ef4'
System info: os.name: 'Windows 10', os.arch: 'amd64', os.version: '10.0', java.version: '23'
Driver info: org.openqa.selenium.chrome.ChromeDriver
Capabilities {acceptInsecureCerts: false, browserName: chrome, browserVersion: 129.0.6668.90, chrome: {chromedriverVersion: 129.0.6668.89 (951c0b97221f..., userDataDir: C:\Users\tatia\AppData\Loca...}, fedcm:accounts: true, goog:chromeOptions: {debuggerAddress: localhost:50958}, networkConnectionEnabled: false, pageLoadStrategy: normal, platformName: windows, proxy: Proxy(), se:cdp: ws://localhost:50958/devtoo..., se:cdpVersion: 129.0.6668.90, setWindowRect: true, strictFileInteractability: false, timeouts: {implicit: 0, pageLoad: 300000, script: 30000}, unhandledPromptBehavior: dismiss and notify, webauthn:extension:credBlob: true, webauthn:extension:largeBlob: true, webauthn:extension:minPinLength: true, webauthn:extension:prf: true, webauthn:virtualAuthenticators: true}
Session ID: 28e522c6aa4a27e1804fdac102158bbf
Numero de filas en la tabla: 9
No se encontraron suficientes datos en la tabla para la comparacion.
No se encontraron suficientes datos en la tabla para la comparacion.
Los datos de los pasajeros han sido verificados correctamente.
  And hago clic en el botón CONTINUE , aqui se verificará los datos                                                     # com.perurail.steps.ReservaSteps.hagoClicEnElBotonContinue()
]]></system-out>
    <system-err><![CDATA[oct 07, 2024 2:57:01 A. M. org.openqa.selenium.devtools.CdpVersionFinder findNearestMatch
ADVERTENCIA: Unable to find an exact match for CDP version 129, returning the closest version; found: 125; Please update to a Selenium version that supports CDP version 129
]]></system-err>
  </testcase>
  <testcase name="Busqueda y reserva de tren sin disponibilidad" classname="Reserva de viajes en PeruRail" time="31.84">
    <error message="Expected condition failed: waiting for visibility of element located by By.id: lblNoDisponibilidadCabinas (tried for 10 second(s) with 500 milliseconds interval)&#10;Build info: version: &apos;4.21.0&apos;, revision: &apos;79ed462ef4&apos;&#10;System info: os.name: &apos;Windows 10&apos;, os.arch: &apos;amd64&apos;, os.version: &apos;10.0&apos;, java.version: &apos;23&apos;&#10;Driver info: org.openqa.selenium.chrome.ChromeDriver&#10;Capabilities {acceptInsecureCerts: false, browserName: chrome, browserVersion: 129.0.6668.90, chrome: {chromedriverVersion: 129.0.6668.89 (951c0b97221f..., userDataDir: C:\Users\tatia\AppData\Loca...}, fedcm:accounts: true, goog:chromeOptions: {debuggerAddress: localhost:51301}, networkConnectionEnabled: false, pageLoadStrategy: normal, platformName: windows, proxy: Proxy(), se:cdp: ws://localhost:51301/devtoo..., se:cdpVersion: 129.0.6668.90, setWindowRect: true, strictFileInteractability: false, timeouts: {implicit: 0, pageLoad: 300000, script: 30000}, unhandledPromptBehavior: dismiss and notify, webauthn:extension:credBlob: true, webauthn:extension:largeBlob: true, webauthn:extension:minPinLength: true, webauthn:extension:prf: true, webauthn:virtualAuthenticators: true}&#10;Session ID: 8b261610d516adf04844c70ab7f900ce" type="org.openqa.selenium.TimeoutException"><![CDATA[org.openqa.selenium.TimeoutException: 
Expected condition failed: waiting for visibility of element located by By.id: lblNoDisponibilidadCabinas (tried for 10 second(s) with 500 milliseconds interval)
Build info: version: '4.21.0', revision: '79ed462ef4'
System info: os.name: 'Windows 10', os.arch: 'amd64', os.version: '10.0', java.version: '23'
Driver info: org.openqa.selenium.chrome.ChromeDriver
Capabilities {acceptInsecureCerts: false, browserName: chrome, browserVersion: 129.0.6668.90, chrome: {chromedriverVersion: 129.0.6668.89 (951c0b97221f..., userDataDir: C:\Users\tatia\AppData\Loca...}, fedcm:accounts: true, goog:chromeOptions: {debuggerAddress: localhost:51301}, networkConnectionEnabled: false, pageLoadStrategy: normal, platformName: windows, proxy: Proxy(), se:cdp: ws://localhost:51301/devtoo..., se:cdpVersion: 129.0.6668.90, setWindowRect: true, strictFileInteractability: false, timeouts: {implicit: 0, pageLoad: 300000, script: 30000}, unhandledPromptBehavior: dismiss and notify, webauthn:extension:credBlob: true, webauthn:extension:largeBlob: true, webauthn:extension:minPinLength: true, webauthn:extension:prf: true, webauthn:virtualAuthenticators: true}
Session ID: 8b261610d516adf04844c70ab7f900ce
]]></error>
    <system-out><![CDATA[
Scenario: Busqueda y reserva de tren sin disponibilidad                                     # src/main/resources/features/Reserva.feature:28
  Given El usuario está en la página de reserva de viajes de PeruRail                       # com.perurail.steps.ReservaSteps.abrirPagina()
  When El usuario selecciona el origen "Puno" y el destino "Ciudad de Cusco"                # com.perurail.steps.ReservaSteps.seleccionarDestinoRuta(java.lang.String,java.lang.String)
Andean Explorer, A Belmond Train  And Elige el tren "Andean Explorer, A Belmond Train"                                      # com.perurail.steps.ReservaSteps.elegirTren(java.lang.String)
Clic en el boton de buscar realizado.
URL actual despues de hacer clic en buscar: https://book.perurail.com/Reservas/Trenes?SessionID=snfr0zc43aooabztrecg54ue
  And El usuario hace clic en buscar                                                        # com.perurail.steps.ReservaSteps.hacerClicBuscar()
Error: No se encontró el mensaje de no disponibilidad.
  Then debería ser redirigido a la página de reservas y verificar que no hay disponibilidad # com.perurail.steps.ReservaSteps.deberia_ser_redirigido_a_la_pagina_de_reservas_verificar_disponibilidad()
      org.openqa.selenium.TimeoutException: Expected condition failed: waiting for visibility of element located by By.id: lblNoDisponibilidadCabinas (tried for 10 second(s) with 500 milliseconds interval)
Build info: version: '4.21.0', revision: '79ed462ef4'
System info: os.name: 'Windows 10', os.arch: 'amd64', os.version: '10.0', java.version: '23'
Driver info: org.openqa.selenium.chrome.ChromeDriver
Capabilities {acceptInsecureCerts: false, browserName: chrome, browserVersion: 129.0.6668.90, chrome: {chromedriverVersion: 129.0.6668.89 (951c0b97221f..., userDataDir: C:\Users\tatia\AppData\Loca...}, fedcm:accounts: true, goog:chromeOptions: {debuggerAddress: localhost:51301}, networkConnectionEnabled: false, pageLoadStrategy: normal, platformName: windows, proxy: Proxy(), se:cdp: ws://localhost:51301/devtoo..., se:cdpVersion: 129.0.6668.90, setWindowRect: true, strictFileInteractability: false, timeouts: {implicit: 0, pageLoad: 300000, script: 30000}, unhandledPromptBehavior: dismiss and notify, webauthn:extension:credBlob: true, webauthn:extension:largeBlob: true, webauthn:extension:minPinLength: true, webauthn:extension:prf: true, webauthn:virtualAuthenticators: true}
Session ID: 8b261610d516adf04844c70ab7f900ce
	at org.openqa.selenium.support.ui.WebDriverWait.timeoutException(WebDriverWait.java:84)
	at org.openqa.selenium.support.ui.FluentWait.until(FluentWait.java:228)
	at com.perurail.pages.ReservaPage.obtenerMensajeNoDisponibilidad(ReservaPage.java:714)
	at com.perurail.steps.ReservaSteps.deberia_ser_redirigido_a_la_pagina_de_reservas_verificar_disponibilidad(ReservaSteps.java:112)
	at ✽.debería ser redirigido a la página de reservas y verificar que no hay disponibilidad(file:///C:/Users/tatia/eclipse-workspace/automated-tests/src/main/resources/features/Reserva.feature:33)

]]></system-out>
    <system-err><![CDATA[oct 07, 2024 2:59:31 A. M. org.openqa.selenium.devtools.CdpVersionFinder findNearestMatch
ADVERTENCIA: Unable to find an exact match for CDP version 129, returning the closest version; found: 125; Please update to a Selenium version that supports CDP version 129
]]></system-err>
  </testcase>
</testsuite>